<?xml version="1.0" encoding="UTF-8"?>
<testsuite name="services.TaxationTest" tests="1" skipped="0" failures="0" errors="0" timestamp="2022-01-11T08:50:35" hostname="Administrators-MacBook-Pro.local" time="0.024">
  <properties/>
  <testcase name="calculateTax()" classname="services.TaxationTest" time="0.024"/>
  <system-out><![CDATA[]]></system-out>
  <system-err><![CDATA[]]></system-err>
</testsuite>
