<?xml version="1.0" encoding="UTF-8"?>
<testsuite name="application.ConsoleOutputTest" tests="1" skipped="0" failures="0" errors="0" timestamp="2022-01-11T08:50:35" hostname="Administrators-MacBook-Pro.local" time="0.179">
  <properties/>
  <testcase name="printTaxInfo()" classname="application.ConsoleOutputTest" time="0.179"/>
  <system-out><![CDATA[ITEM INFO: #1
Name of item: Iron
Price per item: 1000.000000
Tax per item: 155.000000
Final price (for 20 items): 23100.000000
===========================================
ITEM INFO: #2
Name of item: Steel
Price per item: 2000.000000
Tax per item: 310.000000
Final price (for 10 items): 23100.000000
===========================================
]]></system-out>
  <system-err><![CDATA[]]></system-err>
</testsuite>
