<?xml version="1.0" encoding="UTF-8"?>
<testsuite name="services.ValidatorTest" tests="4" skipped="0" failures="0" errors="0" timestamp="2022-01-11T08:50:35" hostname="Administrators-MacBook-Pro.local" time="0.034">
  <properties/>
  <testcase name="validateCategory()" classname="services.ValidatorTest" time="0.017"/>
  <testcase name="validatePrice()" classname="services.ValidatorTest" time="0.003"/>
  <testcase name="validateName()" classname="services.ValidatorTest" time="0.002"/>
  <testcase name="validateQuantity()" classname="services.ValidatorTest" time="0.005"/>
  <system-out><![CDATA[]]></system-out>
  <system-err><![CDATA[]]></system-err>
</testsuite>
